<?xml version="1.0" encoding="UTF-8"?>
<!-- Generated by org.testng.reporters.JUnitXMLReporter -->
<testsuite hostname="shiva-PC" name="Test1" tests="4" failures="0" timestamp="26 Aug 2016 09:12:18 GMT" time="39.633" errors="0">
  <testcase name="uom" time="7.826" classname="com.ERP.master.ExeNG"/>
  <testcase name="uom" time="7.654" classname="com.ERP.master.ExeNG"/>
  <testcase name="uom" time="7.951" classname="com.ERP.master.ExeNG"/>
  <testcase name="supp" time="12.3" classname="com.ERP.master.supp"/>
</testsuite> <!-- Test1 -->
